<?xml version="1.0" encoding="UTF-8"?>
<testsuite name="testproject.CalculatorTest" tests="2" skipped="0" failures="0" errors="0" timestamp="2022-12-05T15:29:23" hostname="LAPTOP-MF8FFLAV" time="0.007">
  <properties/>
  <testcase name="testSum" classname="testproject.CalculatorTest" time="0.007"/>
  <testcase name="testSubtract" classname="testproject.CalculatorTest" time="0.0"/>
  <system-out><![CDATA[]]></system-out>
  <system-err><![CDATA[]]></system-err>
</testsuite>
